[debug] [2025-12-16T19:12:18.153Z] ----------------------------------------------------------------------
[debug] [2025-12-16T19:12:18.158Z] Command:       C:\Program Files\nodejs\node.exe C:\Users\VICTUS\AppData\Roaming\npm\node_modules\firebase-tools\lib\bin\firebase.js deploy
[debug] [2025-12-16T19:12:18.159Z] CLI Version:   15.0.0
[debug] [2025-12-16T19:12:18.159Z] Platform:      win32
[debug] [2025-12-16T19:12:18.160Z] Node Version:  v22.18.0
[debug] [2025-12-16T19:12:18.160Z] Time:          Tue Dec 16 2025 21:12:18 GMT+0200 (Eastern European Standard Time)
[debug] [2025-12-16T19:12:18.160Z] ----------------------------------------------------------------------
[debug] 
[debug] [2025-12-16T19:12:21.901Z] > command requires scopes: ["email","openid","https://www.googleapis.com/auth/cloudplatformprojects.readonly","https://www.googleapis.com/auth/firebase","https://www.googleapis.com/auth/cloud-platform"]
[debug] [2025-12-16T19:12:21.902Z] > authorizing via signed-in user (abdooamrr2@gmail.com)
[debug] [2025-12-16T19:12:21.902Z] [iam] checking project ash1-b4b51 for permissions ["firebase.projects.get","firebasehosting.sites.update"]
[debug] [2025-12-16T19:12:21.904Z] Checked if tokens are valid: true, expires at: 1765915919685
[debug] [2025-12-16T19:12:21.905Z] Checked if tokens are valid: true, expires at: 1765915919685
[debug] [2025-12-16T19:12:21.907Z] >>> [apiv2][query] POST https://cloudresourcemanager.googleapis.com/v1/projects/ash1-b4b51:testIamPermissions [none]
[debug] [2025-12-16T19:12:21.907Z] >>> [apiv2][(partial)header] POST https://cloudresourcemanager.googleapis.com/v1/projects/ash1-b4b51:testIamPermissions x-goog-quota-user=projects/ash1-b4b51
[debug] [2025-12-16T19:12:21.907Z] >>> [apiv2][body] POST https://cloudresourcemanager.googleapis.com/v1/projects/ash1-b4b51:testIamPermissions {"permissions":["firebase.projects.get","firebasehosting.sites.update"]}
[debug] [2025-12-16T19:12:33.109Z] *** [apiv2] error from fetch(https://cloudresourcemanager.googleapis.com/v1/projects/ash1-b4b51:testIamPermissions, {"headers":{},"method":"POST","body":"{\"permissions\":[\"firebase.projects.get\",\"firebasehosting.sites.update\"]}"}): FetchError: request to https://cloudresourcemanager.googleapis.com/v1/projects/ash1-b4b51:testIamPermissions failed, reason: getaddrinfo ENOTFOUND cloudresourcemanager.googleapis.com
[debug] [2025-12-16T19:12:33.110Z] [iam] error while checking permissions, command may fail: Failed to make request to https://cloudresourcemanager.googleapis.com/v1/projects/ash1-b4b51:testIamPermissions
[debug] [2025-12-16T19:12:33.110Z] Checked if tokens are valid: true, expires at: 1765915919685
[debug] [2025-12-16T19:12:33.111Z] Checked if tokens are valid: true, expires at: 1765915919685
[debug] [2025-12-16T19:12:33.111Z] >>> [apiv2][query] GET https://firebase.googleapis.com/v1beta1/projects/ash1-b4b51 [none]
[debug] [2025-12-16T19:12:44.226Z] *** [apiv2] error from fetch(https://firebase.googleapis.com/v1beta1/projects/ash1-b4b51, {"headers":{},"method":"GET","signal":{"reason":""}}): FetchError: request to https://firebase.googleapis.com/v1beta1/projects/ash1-b4b51 failed, reason: getaddrinfo ENOTFOUND firebase.googleapis.com
[debug] [2025-12-16T19:12:44.227Z] Failed to make request to https://firebase.googleapis.com/v1beta1/projects/ash1-b4b51 (original: request to https://firebase.googleapis.com/v1beta1/projects/ash1-b4b51 failed, reason: getaddrinfo ENOTFOUND firebase.googleapis.com)
[debug] [2025-12-16T19:12:49.239Z] Error: Timed out.
    at Timeout._onTimeout (C:\Users\VICTUS\AppData\Roaming\npm\node_modules\firebase-tools\lib\utils.js:275:49)
    at listOnTimeout (node:internal/timers:588:17)
    at process.processTimers (node:internal/timers:523:7)
[error] 
[error] Error: An unexpected error has occurred.
